Started GET "/rolldice" for 127.0.0.1 at 2024-01-31 10:16:27 +0000
  [1m[35m (3.1ms)[0m  [1m[35mCREATE TABLE "schema_migrations" ("version" varchar NOT NULL PRIMARY KEY)[0m
  [1m[35m (0.2ms)[0m  [1m[35mCREATE TABLE "ar_internal_metadata" ("key" varchar NOT NULL PRIMARY KEY, "value" varchar, "created_at" datetime(6) NOT NULL, "updated_at" datetime(6) NOT NULL)[0m
  [1m[36mActiveRecord::SchemaMigration Load (0.1ms)[0m  [1m[34mSELECT "schema_migrations"."version" FROM "schema_migrations" ORDER BY "schema_migrations"."version" ASC[0m
Processing by DiceController#roll as */*
Completed 200 OK in 9ms (Views: 0.1ms | ActiveRecord: 0.0ms | Allocations: 3714)


Started GET "/rolldice" for 127.0.0.1 at 2024-01-31 10:16:32 +0000
Processing by DiceController#roll as */*
Completed 200 OK in 0ms (Views: 0.1ms | ActiveRecord: 0.0ms | Allocations: 60)


Started GET "/rolldice" for 127.0.0.1 at 2024-01-31 10:16:33 +0000
Processing by DiceController#roll as */*
Completed 200 OK in 0ms (Views: 0.1ms | ActiveRecord: 0.0ms | Allocations: 59)


Started GET "/rolldice" for 127.0.0.1 at 2024-01-31 10:16:34 +0000
Processing by DiceController#roll as */*
Completed 200 OK in 0ms (Views: 0.1ms | ActiveRecord: 0.0ms | Allocations: 59)


Started GET "/rolldice" for 127.0.0.1 at 2024-01-31 10:16:35 +0000
Processing by DiceController#roll as */*
Completed 200 OK in 0ms (Views: 0.1ms | ActiveRecord: 0.0ms | Allocations: 59)


Started GET "/rolldice" for 127.0.0.1 at 2024-01-31 10:16:36 +0000
Processing by DiceController#roll as */*
Completed 200 OK in 0ms (Views: 0.1ms | ActiveRecord: 0.0ms | Allocations: 57)


Started GET "/rolldice" for 127.0.0.1 at 2024-01-31 10:16:37 +0000
Processing by DiceController#roll as */*
Completed 200 OK in 0ms (Views: 0.1ms | ActiveRecord: 0.0ms | Allocations: 57)


Started GET "/rolldice" for 127.0.0.1 at 2024-01-31 10:16:37 +0000
Processing by DiceController#roll as */*
Completed 200 OK in 0ms (Views: 0.1ms | ActiveRecord: 0.0ms | Allocations: 57)


Started GET "/rolldice" for 127.0.0.1 at 2024-01-31 10:16:38 +0000
Processing by DiceController#roll as */*
Completed 200 OK in 0ms (Views: 0.2ms | ActiveRecord: 0.0ms | Allocations: 57)


Started GET "/rolldice" for 127.0.0.1 at 2024-01-31 10:16:39 +0000
Processing by DiceController#roll as */*
Completed 200 OK in 0ms (Views: 0.1ms | ActiveRecord: 0.0ms | Allocations: 57)


Started GET "/rolldice" for 127.0.0.1 at 2024-01-31 10:16:39 +0000
Processing by DiceController#roll as */*
Completed 200 OK in 0ms (Views: 0.1ms | ActiveRecord: 0.0ms | Allocations: 57)


Started GET "/rolldice" for 127.0.0.1 at 2024-01-31 10:16:40 +0000
Processing by DiceController#roll as */*
Completed 200 OK in 0ms (Views: 0.1ms | ActiveRecord: 0.0ms | Allocations: 57)


Started GET "/rolldice" for 127.0.0.1 at 2024-01-31 10:16:40 +0000
Processing by DiceController#roll as */*
Completed 200 OK in 0ms (Views: 0.1ms | ActiveRecord: 0.0ms | Allocations: 57)


Started GET "/rolldice" for 127.0.0.1 at 2024-01-31 10:16:41 +0000
Processing by DiceController#roll as */*
Completed 200 OK in 0ms (Views: 0.1ms | ActiveRecord: 0.0ms | Allocations: 57)


Started GET "/rolldice" for 127.0.0.1 at 2024-01-31 10:16:41 +0000
Processing by DiceController#roll as */*
Completed 200 OK in 0ms (Views: 0.1ms | ActiveRecord: 0.0ms | Allocations: 57)


Started GET "/rolldice" for 127.0.0.1 at 2024-01-31 10:16:42 +0000
Processing by DiceController#roll as */*
Completed 200 OK in 0ms (Views: 0.1ms | ActiveRecord: 0.0ms | Allocations: 57)


Started GET "/rolldice" for 127.0.0.1 at 2024-01-31 10:16:42 +0000
Processing by DiceController#roll as */*
Completed 200 OK in 0ms (Views: 0.1ms | ActiveRecord: 0.0ms | Allocations: 57)


Started GET "/rolldice" for 127.0.0.1 at 2024-01-31 10:32:09 +0000
Processing by DiceController#roll as */*
Completed 200 OK in 0ms (Views: 0.1ms | ActiveRecord: 0.0ms | Allocations: 57)


Started GET "/rolldice" for 127.0.0.1 at 2024-01-31 10:50:58 +0000
  [1m[36mActiveRecord::SchemaMigration Load (0.1ms)[0m  [1m[34mSELECT "schema_migrations"."version" FROM "schema_migrations" ORDER BY "schema_migrations"."version" ASC[0m
Processing by DiceController#roll as */*
Completed 200 OK in 9ms (Views: 1.0ms | ActiveRecord: 0.0ms | Allocations: 2434)


Started GET "/rolldice" for 127.0.0.1 at 2024-01-31 10:50:59 +0000
Processing by DiceController#roll as */*
Completed 200 OK in 0ms (Views: 0.1ms | ActiveRecord: 0.0ms | Allocations: 62)


Started GET "/rolldice" for 127.0.0.1 at 2024-01-31 12:40:12 +0000
  [1m[36mActiveRecord::SchemaMigration Load (0.1ms)[0m  [1m[34mSELECT "schema_migrations"."version" FROM "schema_migrations" ORDER BY "schema_migrations"."version" ASC[0m
Processing by DiceController#roll as */*
Completed 200 OK in 6ms (Views: 0.2ms | ActiveRecord: 0.0ms | Allocations: 2436)


Started GET "/rolldice" for 127.0.0.1 at 2024-01-31 12:40:17 +0000
Processing by DiceController#roll as */*
Completed 200 OK in 0ms (Views: 0.1ms | ActiveRecord: 0.0ms | Allocations: 62)


Started GET "/rolldice" for 127.0.0.1 at 2024-01-31 12:40:19 +0000
Processing by DiceController#roll as */*
Completed 200 OK in 0ms (Views: 0.1ms | ActiveRecord: 0.0ms | Allocations: 61)


Started GET "/rolldice" for 127.0.0.1 at 2024-01-31 12:40:21 +0000
Processing by DiceController#roll as */*
Completed 200 OK in 0ms (Views: 0.1ms | ActiveRecord: 0.0ms | Allocations: 61)


Started GET "/rolldice" for 127.0.0.1 at 2024-01-31 12:40:22 +0000
Processing by DiceController#roll as */*
Completed 200 OK in 0ms (Views: 0.1ms | ActiveRecord: 0.0ms | Allocations: 61)


Started GET "/rolldice" for 127.0.0.1 at 2024-01-31 12:40:24 +0000
Processing by DiceController#roll as */*
Completed 200 OK in 1ms (Views: 0.5ms | ActiveRecord: 0.0ms | Allocations: 59)


Started GET "/rolldice" for 127.0.0.1 at 2024-01-31 12:40:25 +0000
Processing by DiceController#roll as */*
Completed 200 OK in 0ms (Views: 0.1ms | ActiveRecord: 0.0ms | Allocations: 59)


Started GET "/rolldice" for 127.0.0.1 at 2024-01-31 12:59:16 +0000
  [1m[36mActiveRecord::SchemaMigration Load (0.1ms)[0m  [1m[34mSELECT "schema_migrations"."version" FROM "schema_migrations" ORDER BY "schema_migrations"."version" ASC[0m
Processing by DiceController#roll as */*
Completed 200 OK in 6ms (Views: 0.1ms | ActiveRecord: 0.0ms | Allocations: 2436)


Started GET "/rolldice" for 127.0.0.1 at 2024-01-31 12:59:17 +0000
Processing by DiceController#roll as */*
Completed 200 OK in 0ms (Views: 0.1ms | ActiveRecord: 0.0ms | Allocations: 62)


Started GET "/rolldice" for 127.0.0.1 at 2024-01-31 12:59:18 +0000
Processing by DiceController#roll as */*
Completed 200 OK in 0ms (Views: 0.1ms | ActiveRecord: 0.0ms | Allocations: 61)


Started GET "/rolldice" for 127.0.0.1 at 2024-01-31 12:59:18 +0000
Processing by DiceController#roll as */*
Completed 200 OK in 0ms (Views: 0.2ms | ActiveRecord: 0.0ms | Allocations: 61)


Started GET "/rolldice" for 127.0.0.1 at 2024-01-31 13:01:20 +0000
  [1m[36mActiveRecord::SchemaMigration Load (0.1ms)[0m  [1m[34mSELECT "schema_migrations"."version" FROM "schema_migrations" ORDER BY "schema_migrations"."version" ASC[0m
Processing by DiceController#roll as */*
Completed 200 OK in 6ms (Views: 0.1ms | ActiveRecord: 0.0ms | Allocations: 2436)


Started GET "/rolldice" for 127.0.0.1 at 2024-01-31 13:01:21 +0000
Processing by DiceController#roll as */*
Completed 200 OK in 0ms (Views: 0.1ms | ActiveRecord: 0.0ms | Allocations: 62)


Started GET "/rolldice" for 127.0.0.1 at 2024-01-31 13:01:21 +0000
Processing by DiceController#roll as */*
Completed 200 OK in 0ms (Views: 0.1ms | ActiveRecord: 0.0ms | Allocations: 61)


Started GET "/rolldice" for 127.0.0.1 at 2024-01-31 13:01:22 +0000
Processing by DiceController#roll as */*
Completed 200 OK in 0ms (Views: 0.1ms | ActiveRecord: 0.0ms | Allocations: 61)


Started GET "/rolldice" for 127.0.0.1 at 2024-01-31 13:01:22 +0000
Processing by DiceController#roll as */*
Completed 200 OK in 0ms (Views: 0.1ms | ActiveRecord: 0.0ms | Allocations: 61)


Started GET "/rolldice" for 127.0.0.1 at 2024-01-31 13:01:23 +0000
Processing by DiceController#roll as */*
Completed 200 OK in 1ms (Views: 0.5ms | ActiveRecord: 0.0ms | Allocations: 59)


Started GET "/rolldice" for 127.0.0.1 at 2024-01-31 13:01:23 +0000
Processing by DiceController#roll as */*
Completed 200 OK in 0ms (Views: 0.1ms | ActiveRecord: 0.0ms | Allocations: 59)


Started GET "/rolldice" for 127.0.0.1 at 2024-01-31 13:02:29 +0000
  [1m[36mActiveRecord::SchemaMigration Load (0.1ms)[0m  [1m[34mSELECT "schema_migrations"."version" FROM "schema_migrations" ORDER BY "schema_migrations"."version" ASC[0m
Processing by DiceController#roll as */*
Completed 200 OK in 6ms (Views: 0.1ms | ActiveRecord: 0.0ms | Allocations: 2436)


Started GET "/rolldice" for 127.0.0.1 at 2024-01-31 13:02:30 +0000
Processing by DiceController#roll as */*
Completed 200 OK in 0ms (Views: 0.1ms | ActiveRecord: 0.0ms | Allocations: 62)


Started GET "/rolldice" for 127.0.0.1 at 2024-01-31 13:02:30 +0000
Processing by DiceController#roll as */*
Completed 200 OK in 0ms (Views: 0.1ms | ActiveRecord: 0.0ms | Allocations: 61)


Started GET "/rolldice" for 127.0.0.1 at 2024-01-31 13:02:30 +0000
Processing by DiceController#roll as */*
Completed 200 OK in 0ms (Views: 0.1ms | ActiveRecord: 0.0ms | Allocations: 61)


Started GET "/rolldice" for 127.0.0.1 at 2024-01-31 13:02:31 +0000
Processing by DiceController#roll as */*
Completed 200 OK in 0ms (Views: 0.1ms | ActiveRecord: 0.0ms | Allocations: 61)


Started GET "/rolldice" for 127.0.0.1 at 2024-01-31 13:02:31 +0000
Processing by DiceController#roll as */*
Completed 200 OK in 0ms (Views: 0.1ms | ActiveRecord: 0.0ms | Allocations: 59)


Started GET "/rolldice" for 127.0.0.1 at 2024-01-31 13:02:32 +0000
Processing by DiceController#roll as */*
Completed 200 OK in 0ms (Views: 0.1ms | ActiveRecord: 0.0ms | Allocations: 59)


Started GET "/rolldice" for 127.0.0.1 at 2024-01-31 13:02:32 +0000
Processing by DiceController#roll as */*
Completed 200 OK in 0ms (Views: 0.1ms | ActiveRecord: 0.0ms | Allocations: 59)


Started GET "/rolldice" for 127.0.0.1 at 2024-01-31 13:02:33 +0000
Processing by DiceController#roll as */*
Completed 200 OK in 0ms (Views: 0.1ms | ActiveRecord: 0.0ms | Allocations: 59)


Started GET "/rolldice" for 127.0.0.1 at 2024-01-31 13:02:34 +0000
Processing by DiceController#roll as */*
Completed 200 OK in 0ms (Views: 0.1ms | ActiveRecord: 0.0ms | Allocations: 59)


Started GET "/rolldice" for 127.0.0.1 at 2024-02-01 05:50:48 +0000
  [1m[36mActiveRecord::SchemaMigration Load (0.1ms)[0m  [1m[34mSELECT "schema_migrations"."version" FROM "schema_migrations" ORDER BY "schema_migrations"."version" ASC[0m
Processing by DiceController#roll as */*
Completed 200 OK in 9ms (Views: 0.2ms | ActiveRecord: 0.0ms | Allocations: 2436)


Started GET "/rolldice" for 127.0.0.1 at 2024-02-01 05:50:50 +0000
Processing by DiceController#roll as */*
Completed 200 OK in 0ms (Views: 0.2ms | ActiveRecord: 0.0ms | Allocations: 62)


Started GET "/rolldice" for 127.0.0.1 at 2024-02-01 05:50:51 +0000
Processing by DiceController#roll as */*
Completed 200 OK in 0ms (Views: 0.1ms | ActiveRecord: 0.0ms | Allocations: 61)


Started GET "/rolldice" for 127.0.0.1 at 2024-02-01 05:50:52 +0000
Processing by DiceController#roll as */*
Completed 200 OK in 0ms (Views: 0.1ms | ActiveRecord: 0.0ms | Allocations: 61)


Started GET "/rolldice" for 127.0.0.1 at 2024-02-01 05:50:52 +0000
Processing by DiceController#roll as */*
Completed 200 OK in 0ms (Views: 0.1ms | ActiveRecord: 0.0ms | Allocations: 61)


Started GET "/rolldice" for 127.0.0.1 at 2024-02-01 05:50:52 +0000
Processing by DiceController#roll as */*
Completed 200 OK in 0ms (Views: 0.1ms | ActiveRecord: 0.0ms | Allocations: 59)


Started GET "/rolldice" for 127.0.0.1 at 2024-02-01 05:50:53 +0000
Processing by DiceController#roll as */*
Completed 200 OK in 0ms (Views: 0.1ms | ActiveRecord: 0.0ms | Allocations: 59)


Started GET "/rolldice" for 127.0.0.1 at 2024-02-01 05:50:53 +0000
Processing by DiceController#roll as */*
Completed 200 OK in 0ms (Views: 0.1ms | ActiveRecord: 0.0ms | Allocations: 59)


Started GET "/rolldice" for 127.0.0.1 at 2024-02-01 05:50:54 +0000
Processing by DiceController#roll as */*
Completed 200 OK in 0ms (Views: 0.1ms | ActiveRecord: 0.0ms | Allocations: 59)


Started GET "/rolldice" for 127.0.0.1 at 2024-02-01 05:50:54 +0000
Processing by DiceController#roll as */*
Completed 200 OK in 0ms (Views: 0.2ms | ActiveRecord: 0.0ms | Allocations: 59)


Started GET "/rolldice" for 127.0.0.1 at 2024-02-01 05:50:55 +0000
Processing by DiceController#roll as */*
Completed 200 OK in 0ms (Views: 0.1ms | ActiveRecord: 0.0ms | Allocations: 59)


Started GET "/rolldice" for 127.0.0.1 at 2024-02-01 05:50:55 +0000
Processing by DiceController#roll as */*
Completed 200 OK in 0ms (Views: 0.1ms | ActiveRecord: 0.0ms | Allocations: 59)


Started GET "/rolldice" for 127.0.0.1 at 2024-02-01 05:50:59 +0000
Processing by DiceController#roll as */*
Completed 200 OK in 0ms (Views: 0.1ms | ActiveRecord: 0.0ms | Allocations: 59)


Started GET "/rolldice" for 127.0.0.1 at 2024-02-01 05:51:00 +0000
Processing by DiceController#roll as */*
Completed 200 OK in 0ms (Views: 0.1ms | ActiveRecord: 0.0ms | Allocations: 59)


Started GET "/rolldice" for 127.0.0.1 at 2024-02-01 05:52:38 +0000
  [1m[36mActiveRecord::SchemaMigration Load (0.1ms)[0m  [1m[34mSELECT "schema_migrations"."version" FROM "schema_migrations" ORDER BY "schema_migrations"."version" ASC[0m
Processing by DiceController#roll as */*
Completed 200 OK in 6ms (Views: 0.1ms | ActiveRecord: 0.0ms | Allocations: 2436)


Started GET "/rolldice" for 127.0.0.1 at 2024-02-01 05:52:39 +0000
Processing by DiceController#roll as */*
Completed 200 OK in 0ms (Views: 0.1ms | ActiveRecord: 0.0ms | Allocations: 62)


Started GET "/rolldice" for 127.0.0.1 at 2024-02-01 05:52:40 +0000
Processing by DiceController#roll as */*
Completed 200 OK in 0ms (Views: 0.1ms | ActiveRecord: 0.0ms | Allocations: 61)


Started GET "/rolldice" for 127.0.0.1 at 2024-02-01 05:52:40 +0000
Processing by DiceController#roll as */*
Completed 200 OK in 0ms (Views: 0.1ms | ActiveRecord: 0.0ms | Allocations: 61)


Started GET "/rolldice" for 127.0.0.1 at 2024-02-01 05:52:41 +0000
Processing by DiceController#roll as */*
Completed 200 OK in 0ms (Views: 0.1ms | ActiveRecord: 0.0ms | Allocations: 61)


Started GET "/rolldice" for 127.0.0.1 at 2024-02-01 05:56:51 +0000
  [1m[36mActiveRecord::SchemaMigration Load (0.1ms)[0m  [1m[34mSELECT "schema_migrations"."version" FROM "schema_migrations" ORDER BY "schema_migrations"."version" ASC[0m
Processing by DiceController#roll as */*
Completed 200 OK in 6ms (Views: 0.1ms | ActiveRecord: 0.0ms | Allocations: 2436)


Started GET "/rolldice" for 127.0.0.1 at 2024-02-01 05:56:52 +0000
Processing by DiceController#roll as */*
Completed 200 OK in 0ms (Views: 0.1ms | ActiveRecord: 0.0ms | Allocations: 62)


Started GET "/rolldice" for 127.0.0.1 at 2024-02-01 05:56:52 +0000
Processing by DiceController#roll as */*
Completed 200 OK in 0ms (Views: 0.1ms | ActiveRecord: 0.0ms | Allocations: 61)


Started GET "/rolldice" for 127.0.0.1 at 2024-02-01 05:56:53 +0000
Processing by DiceController#roll as */*
Completed 200 OK in 0ms (Views: 0.1ms | ActiveRecord: 0.0ms | Allocations: 61)


Started GET "/rolldice" for 127.0.0.1 at 2024-02-01 05:56:53 +0000
Processing by DiceController#roll as */*
Completed 200 OK in 0ms (Views: 0.1ms | ActiveRecord: 0.0ms | Allocations: 61)


Started GET "/rolldice" for 127.0.0.1 at 2024-02-01 05:56:54 +0000
Processing by DiceController#roll as */*
Completed 200 OK in 0ms (Views: 0.1ms | ActiveRecord: 0.0ms | Allocations: 59)


Started GET "/rolldice" for 127.0.0.1 at 2024-02-01 05:56:54 +0000
Processing by DiceController#roll as */*
Completed 200 OK in 0ms (Views: 0.1ms | ActiveRecord: 0.0ms | Allocations: 59)


Started GET "/rolldice" for 127.0.0.1 at 2024-02-01 05:56:55 +0000
Processing by DiceController#roll as */*
Completed 200 OK in 0ms (Views: 0.1ms | ActiveRecord: 0.0ms | Allocations: 59)


Started GET "/rolldice" for 127.0.0.1 at 2024-02-01 05:56:55 +0000
Processing by DiceController#roll as */*
Completed 200 OK in 0ms (Views: 0.1ms | ActiveRecord: 0.0ms | Allocations: 59)


Started GET "/rolldice" for 127.0.0.1 at 2024-02-01 05:57:49 +0000
  [1m[36mActiveRecord::SchemaMigration Load (0.1ms)[0m  [1m[34mSELECT "schema_migrations"."version" FROM "schema_migrations" ORDER BY "schema_migrations"."version" ASC[0m
Processing by DiceController#roll as */*
Completed 200 OK in 6ms (Views: 0.1ms | ActiveRecord: 0.0ms | Allocations: 2434)


Started GET "/rolldice" for 127.0.0.1 at 2024-02-01 05:57:50 +0000
Processing by DiceController#roll as */*
Completed 200 OK in 0ms (Views: 0.1ms | ActiveRecord: 0.0ms | Allocations: 62)


Started GET "/rolldice" for 127.0.0.1 at 2024-02-01 05:57:50 +0000
Processing by DiceController#roll as */*
Completed 200 OK in 0ms (Views: 0.1ms | ActiveRecord: 0.0ms | Allocations: 61)


Started GET "/rolldice" for 127.0.0.1 at 2024-02-01 05:57:51 +0000
Processing by DiceController#roll as */*
Completed 200 OK in 0ms (Views: 0.1ms | ActiveRecord: 0.0ms | Allocations: 61)


Started GET "/rolldice" for 127.0.0.1 at 2024-02-01 05:58:54 +0000
  [1m[36mActiveRecord::SchemaMigration Load (0.1ms)[0m  [1m[34mSELECT "schema_migrations"."version" FROM "schema_migrations" ORDER BY "schema_migrations"."version" ASC[0m
Processing by DiceController#roll as */*
Completed 200 OK in 6ms (Views: 0.1ms | ActiveRecord: 0.0ms | Allocations: 2434)


Started GET "/rolldice" for 127.0.0.1 at 2024-02-01 05:58:55 +0000
Processing by DiceController#roll as */*
Completed 200 OK in 0ms (Views: 0.1ms | ActiveRecord: 0.0ms | Allocations: 62)


Started GET "/rolldice" for 127.0.0.1 at 2024-02-01 05:58:55 +0000
Processing by DiceController#roll as */*
Completed 200 OK in 0ms (Views: 0.1ms | ActiveRecord: 0.0ms | Allocations: 61)


Started GET "/rolldice" for 127.0.0.1 at 2024-02-01 05:58:56 +0000
Processing by DiceController#roll as */*
Completed 200 OK in 0ms (Views: 0.1ms | ActiveRecord: 0.0ms | Allocations: 61)


Started GET "/rolldice" for 127.0.0.1 at 2024-02-01 05:58:56 +0000
Processing by DiceController#roll as */*
Completed 200 OK in 0ms (Views: 0.1ms | ActiveRecord: 0.0ms | Allocations: 61)


Started GET "/rolldice" for 127.0.0.1 at 2024-02-01 05:58:57 +0000
Processing by DiceController#roll as */*
Completed 200 OK in 0ms (Views: 0.2ms | ActiveRecord: 0.0ms | Allocations: 59)


Started GET "/rolldice" for 127.0.0.1 at 2024-02-01 05:58:57 +0000
Processing by DiceController#roll as */*
Completed 200 OK in 0ms (Views: 0.2ms | ActiveRecord: 0.0ms | Allocations: 60)


Started GET "/rolldice" for 127.0.0.1 at 2024-02-01 05:58:58 +0000
Processing by DiceController#roll as */*
Completed 200 OK in 0ms (Views: 0.1ms | ActiveRecord: 0.0ms | Allocations: 59)


Started GET "/rolldice" for 127.0.0.1 at 2024-02-01 05:58:58 +0000
Processing by DiceController#roll as */*
Completed 200 OK in 0ms (Views: 0.1ms | ActiveRecord: 0.0ms | Allocations: 59)


Started GET "/rolldice" for 127.0.0.1 at 2024-02-01 06:05:46 +0000
Processing by DiceController#roll as */*
Completed 200 OK in 0ms (Views: 0.1ms | ActiveRecord: 0.0ms | Allocations: 59)


Started GET "/rolldice" for 127.0.0.1 at 2024-02-01 06:05:47 +0000
Processing by DiceController#roll as */*
Completed 200 OK in 0ms (Views: 0.1ms | ActiveRecord: 0.0ms | Allocations: 59)


Started GET "/rolldice" for 127.0.0.1 at 2024-02-01 06:05:48 +0000
Processing by DiceController#roll as */*
Completed 200 OK in 0ms (Views: 0.1ms | ActiveRecord: 0.0ms | Allocations: 59)


Started GET "/rolldice" for 127.0.0.1 at 2024-02-01 06:05:48 +0000
Processing by DiceController#roll as */*
Completed 200 OK in 0ms (Views: 0.1ms | ActiveRecord: 0.0ms | Allocations: 59)


Started GET "/rolldice" for 127.0.0.1 at 2024-02-01 06:05:49 +0000
Processing by DiceController#roll as */*
Completed 200 OK in 0ms (Views: 0.1ms | ActiveRecord: 0.0ms | Allocations: 59)


Started GET "/rolldice" for 127.0.0.1 at 2024-02-01 06:05:49 +0000
Processing by DiceController#roll as */*
Completed 200 OK in 0ms (Views: 0.1ms | ActiveRecord: 0.0ms | Allocations: 59)


Started GET "/rolldice" for 127.0.0.1 at 2024-02-01 06:05:50 +0000
Processing by DiceController#roll as */*
Completed 200 OK in 0ms (Views: 0.1ms | ActiveRecord: 0.0ms | Allocations: 59)


Started GET "/rolldice" for 127.0.0.1 at 2024-02-01 06:05:50 +0000
Processing by DiceController#roll as */*
Completed 200 OK in 0ms (Views: 0.1ms | ActiveRecord: 0.0ms | Allocations: 59)


Started GET "/rolldice" for 127.0.0.1 at 2024-02-01 06:05:51 +0000
Processing by DiceController#roll as */*
Completed 200 OK in 0ms (Views: 0.1ms | ActiveRecord: 0.0ms | Allocations: 59)


Started GET "/rolldice" for 127.0.0.1 at 2024-02-01 06:14:19 +0000
  [1m[36mActiveRecord::SchemaMigration Load (0.1ms)[0m  [1m[34mSELECT "schema_migrations"."version" FROM "schema_migrations" ORDER BY "schema_migrations"."version" ASC[0m
Processing by DiceController#roll as */*
Completed 200 OK in 6ms (Views: 0.1ms | ActiveRecord: 0.0ms | Allocations: 2434)


Started GET "/rolldice" for 127.0.0.1 at 2024-02-01 06:14:20 +0000
Processing by DiceController#roll as */*
Completed 200 OK in 0ms (Views: 0.1ms | ActiveRecord: 0.0ms | Allocations: 62)


Started GET "/rolldice" for 127.0.0.1 at 2024-02-01 06:14:21 +0000
Processing by DiceController#roll as */*
Completed 200 OK in 0ms (Views: 0.1ms | ActiveRecord: 0.0ms | Allocations: 61)


Started GET "/rolldice" for 127.0.0.1 at 2024-02-01 06:14:21 +0000
Processing by DiceController#roll as */*
Completed 200 OK in 0ms (Views: 0.1ms | ActiveRecord: 0.0ms | Allocations: 61)


Started GET "/rolldice" for 127.0.0.1 at 2024-02-01 06:14:22 +0000
Processing by DiceController#roll as */*
Completed 200 OK in 0ms (Views: 0.1ms | ActiveRecord: 0.0ms | Allocations: 62)


Started GET "/rolldice" for 127.0.0.1 at 2024-02-01 06:14:22 +0000
Processing by DiceController#roll as */*
Completed 200 OK in 0ms (Views: 0.1ms | ActiveRecord: 0.0ms | Allocations: 59)


Started GET "/rolldice" for 127.0.0.1 at 2024-02-01 06:14:23 +0000
Processing by DiceController#roll as */*
Completed 200 OK in 0ms (Views: 0.1ms | ActiveRecord: 0.0ms | Allocations: 59)


Started GET "/rolldice" for 127.0.0.1 at 2024-02-01 06:14:23 +0000
Processing by DiceController#roll as */*
Completed 200 OK in 0ms (Views: 0.1ms | ActiveRecord: 0.0ms | Allocations: 59)


Started GET "/rolldice" for 127.0.0.1 at 2024-02-01 06:14:24 +0000
Processing by DiceController#roll as */*
Completed 200 OK in 0ms (Views: 0.1ms | ActiveRecord: 0.0ms | Allocations: 59)


Started GET "/rolldice" for 127.0.0.1 at 2024-02-01 06:57:58 +0000
  [1m[36mActiveRecord::SchemaMigration Load (0.1ms)[0m  [1m[34mSELECT "schema_migrations"."version" FROM "schema_migrations" ORDER BY "schema_migrations"."version" ASC[0m
Processing by DiceController#roll as */*
Completed 200 OK in 35ms (Views: 0.2ms | ActiveRecord: 0.0ms | Allocations: 2434)


Started GET "/rolldice" for 127.0.0.1 at 2024-02-01 06:57:59 +0000
Processing by DiceController#roll as */*
Completed 200 OK in 0ms (Views: 0.1ms | ActiveRecord: 0.0ms | Allocations: 63)


Started GET "/rolldice" for 127.0.0.1 at 2024-02-01 06:57:59 +0000
Processing by DiceController#roll as */*
Completed 200 OK in 0ms (Views: 0.1ms | ActiveRecord: 0.0ms | Allocations: 61)


Started GET "/rolldice" for 127.0.0.1 at 2024-02-01 06:58:01 +0000
Processing by DiceController#roll as */*
Completed 200 OK in 0ms (Views: 0.1ms | ActiveRecord: 0.0ms | Allocations: 61)


Started GET "/rolldice" for 127.0.0.1 at 2024-02-01 06:58:01 +0000
Processing by DiceController#roll as */*
Completed 200 OK in 0ms (Views: 0.1ms | ActiveRecord: 0.0ms | Allocations: 61)


Started GET "/rolldice" for 127.0.0.1 at 2024-02-01 10:51:00 +0000
Processing by DiceController#roll as */*
Completed 200 OK in 0ms (Views: 0.1ms | ActiveRecord: 0.0ms | Allocations: 60)


Started GET "/rolldice" for 127.0.0.1 at 2024-02-06 08:11:35 +0000
  [1m[36mActiveRecord::SchemaMigration Load (0.1ms)[0m  [1m[34mSELECT "schema_migrations"."version" FROM "schema_migrations" ORDER BY "schema_migrations"."version" ASC[0m
Processing by DiceController#roll as */*
Completed 200 OK in 9ms (Views: 0.2ms | ActiveRecord: 0.0ms | Allocations: 2434)


Started GET "/rolldice" for 127.0.0.1 at 2024-02-06 08:11:38 +0000
Processing by DiceController#roll as */*
Completed 200 OK in 0ms (Views: 0.1ms | ActiveRecord: 0.0ms | Allocations: 62)


Started GET "/rolldice" for 127.0.0.1 at 2024-02-06 08:11:38 +0000
Processing by DiceController#roll as */*
Completed 200 OK in 0ms (Views: 0.1ms | ActiveRecord: 0.0ms | Allocations: 61)


Started GET "/rolldice" for 127.0.0.1 at 2024-02-06 08:11:39 +0000
Processing by DiceController#roll as */*
Completed 200 OK in 0ms (Views: 0.1ms | ActiveRecord: 0.0ms | Allocations: 62)


Started GET "/rolldice" for 127.0.0.1 at 2024-02-06 08:11:40 +0000
Processing by DiceController#roll as */*
Completed 200 OK in 0ms (Views: 0.1ms | ActiveRecord: 0.0ms | Allocations: 61)


Started GET "/rolldice" for 127.0.0.1 at 2024-02-06 08:11:40 +0000
Processing by DiceController#roll as */*
Completed 200 OK in 0ms (Views: 0.1ms | ActiveRecord: 0.0ms | Allocations: 59)


Started GET "/rolldice" for 127.0.0.1 at 2024-02-06 08:11:41 +0000
Processing by DiceController#roll as */*
Completed 200 OK in 0ms (Views: 0.1ms | ActiveRecord: 0.0ms | Allocations: 59)


Started GET "/rolldice" for 127.0.0.1 at 2024-02-06 08:11:41 +0000
Processing by DiceController#roll as */*
Completed 200 OK in 0ms (Views: 0.1ms | ActiveRecord: 0.0ms | Allocations: 59)


Started GET "/rolldice" for 127.0.0.1 at 2024-02-06 08:11:42 +0000
Processing by DiceController#roll as */*
Completed 200 OK in 0ms (Views: 0.1ms | ActiveRecord: 0.0ms | Allocations: 59)


Started GET "/rolldice" for 127.0.0.1 at 2024-02-06 08:11:42 +0000
Processing by DiceController#roll as */*
Completed 200 OK in 0ms (Views: 0.1ms | ActiveRecord: 0.0ms | Allocations: 59)


Started GET "/rolldice" for 127.0.0.1 at 2024-02-06 08:15:28 +0000
  [1m[36mActiveRecord::SchemaMigration Load (0.1ms)[0m  [1m[34mSELECT "schema_migrations"."version" FROM "schema_migrations" ORDER BY "schema_migrations"."version" ASC[0m
Processing by DiceController#roll as */*
Completed 200 OK in 7ms (Views: 0.2ms | ActiveRecord: 0.0ms | Allocations: 2434)


Started GET "/rolldice" for 127.0.0.1 at 2024-02-06 08:15:28 +0000
Processing by DiceController#roll as */*
Completed 200 OK in 0ms (Views: 0.1ms | ActiveRecord: 0.0ms | Allocations: 62)


Started GET "/rolldice" for 127.0.0.1 at 2024-02-06 08:15:29 +0000
Processing by DiceController#roll as */*
Completed 200 OK in 0ms (Views: 0.1ms | ActiveRecord: 0.0ms | Allocations: 61)


Started GET "/rolldice" for 127.0.0.1 at 2024-02-06 08:15:29 +0000
Processing by DiceController#roll as */*
Completed 200 OK in 0ms (Views: 0.1ms | ActiveRecord: 0.0ms | Allocations: 61)


Started GET "/rolldice" for 127.0.0.1 at 2024-02-06 08:15:30 +0000
Processing by DiceController#roll as */*
Completed 200 OK in 0ms (Views: 0.1ms | ActiveRecord: 0.0ms | Allocations: 61)


Started GET "/rolldice" for 127.0.0.1 at 2024-02-06 08:15:30 +0000
Processing by DiceController#roll as */*
Completed 200 OK in 0ms (Views: 0.1ms | ActiveRecord: 0.0ms | Allocations: 59)


Started GET "/rolldice" for 127.0.0.1 at 2024-02-06 08:15:31 +0000
Processing by DiceController#roll as */*
Completed 200 OK in 0ms (Views: 0.1ms | ActiveRecord: 0.0ms | Allocations: 60)


Started GET "/rolldice" for 127.0.0.1 at 2024-02-06 08:15:32 +0000
Processing by DiceController#roll as */*
Completed 200 OK in 0ms (Views: 0.1ms | ActiveRecord: 0.0ms | Allocations: 59)


Started GET "/rolldice" for 127.0.0.1 at 2024-02-06 08:22:28 +0000
  [1m[36mActiveRecord::SchemaMigration Load (0.1ms)[0m  [1m[34mSELECT "schema_migrations"."version" FROM "schema_migrations" ORDER BY "schema_migrations"."version" ASC[0m
Processing by DiceController#roll as */*
Completed 200 OK in 6ms (Views: 0.1ms | ActiveRecord: 0.0ms | Allocations: 2434)


Started GET "/rolldice" for 127.0.0.1 at 2024-02-06 08:22:29 +0000
Processing by DiceController#roll as */*
Completed 200 OK in 0ms (Views: 0.1ms | ActiveRecord: 0.0ms | Allocations: 62)


Started GET "/rolldice" for 127.0.0.1 at 2024-02-06 08:22:29 +0000
Processing by DiceController#roll as */*
Completed 200 OK in 0ms (Views: 0.1ms | ActiveRecord: 0.0ms | Allocations: 61)


Started GET "/rolldice" for 127.0.0.1 at 2024-02-06 08:22:30 +0000
Processing by DiceController#roll as */*
Completed 200 OK in 0ms (Views: 0.1ms | ActiveRecord: 0.0ms | Allocations: 61)


Started GET "/rolldice" for 127.0.0.1 at 2024-02-06 08:22:30 +0000
Processing by DiceController#roll as */*
Completed 200 OK in 0ms (Views: 0.1ms | ActiveRecord: 0.0ms | Allocations: 61)


Started GET "/rolldice" for 127.0.0.1 at 2024-02-06 08:22:31 +0000
Processing by DiceController#roll as */*
Completed 200 OK in 0ms (Views: 0.1ms | ActiveRecord: 0.0ms | Allocations: 59)


Started GET "/rolldice" for 127.0.0.1 at 2024-02-06 08:22:31 +0000
Processing by DiceController#roll as */*
Completed 200 OK in 0ms (Views: 0.1ms | ActiveRecord: 0.0ms | Allocations: 60)


Started GET "/rolldice" for 127.0.0.1 at 2024-02-06 08:22:32 +0000
Processing by DiceController#roll as */*
Completed 200 OK in 0ms (Views: 0.1ms | ActiveRecord: 0.0ms | Allocations: 59)


Started GET "/rolldice" for 127.0.0.1 at 2024-02-06 08:22:32 +0000
Processing by DiceController#roll as */*
Completed 200 OK in 0ms (Views: 0.1ms | ActiveRecord: 0.0ms | Allocations: 59)


Started GET "/rolldice" for 127.0.0.1 at 2024-02-06 08:22:33 +0000
Processing by DiceController#roll as */*
Completed 200 OK in 0ms (Views: 0.1ms | ActiveRecord: 0.0ms | Allocations: 59)


Started GET "/rolldice" for 127.0.0.1 at 2024-02-06 08:22:33 +0000
Processing by DiceController#roll as */*
Completed 200 OK in 0ms (Views: 0.1ms | ActiveRecord: 0.0ms | Allocations: 59)


Started GET "/rolldice" for 127.0.0.1 at 2024-02-06 08:22:34 +0000
Processing by DiceController#roll as */*
Completed 200 OK in 0ms (Views: 0.1ms | ActiveRecord: 0.0ms | Allocations: 59)


Started GET "/rolldice" for 127.0.0.1 at 2024-02-06 08:22:34 +0000
Processing by DiceController#roll as */*
Completed 200 OK in 0ms (Views: 0.1ms | ActiveRecord: 0.0ms | Allocations: 59)


Started GET "/rolldice" for 127.0.0.1 at 2024-02-06 08:28:37 +0000
  [1m[36mActiveRecord::SchemaMigration Load (0.1ms)[0m  [1m[34mSELECT "schema_migrations"."version" FROM "schema_migrations" ORDER BY "schema_migrations"."version" ASC[0m
Processing by DiceController#roll as */*
Completed 200 OK in 20ms (Views: 0.2ms | ActiveRecord: 0.0ms | Allocations: 2434)


Started GET "/rolldice" for 127.0.0.1 at 2024-02-06 08:28:38 +0000
Processing by DiceController#roll as */*
Completed 200 OK in 0ms (Views: 0.1ms | ActiveRecord: 0.0ms | Allocations: 62)


Started GET "/rolldice" for 127.0.0.1 at 2024-02-06 08:28:38 +0000
Processing by DiceController#roll as */*
Completed 200 OK in 0ms (Views: 0.1ms | ActiveRecord: 0.0ms | Allocations: 62)


Started GET "/rolldice" for 127.0.0.1 at 2024-02-06 08:28:39 +0000
Processing by DiceController#roll as */*
Completed 200 OK in 0ms (Views: 0.1ms | ActiveRecord: 0.0ms | Allocations: 61)


Started GET "/rolldice" for 127.0.0.1 at 2024-02-06 08:28:39 +0000
Processing by DiceController#roll as */*
Completed 200 OK in 0ms (Views: 0.1ms | ActiveRecord: 0.0ms | Allocations: 61)


Started GET "/rolldice" for 127.0.0.1 at 2024-02-06 08:28:40 +0000
Processing by DiceController#roll as */*
Completed 200 OK in 0ms (Views: 0.1ms | ActiveRecord: 0.0ms | Allocations: 59)


Started GET "/rolldice" for 127.0.0.1 at 2024-02-06 08:28:40 +0000
Processing by DiceController#roll as */*
Completed 200 OK in 0ms (Views: 0.1ms | ActiveRecord: 0.0ms | Allocations: 59)


Started GET "/rolldice" for 127.0.0.1 at 2024-02-06 08:30:17 +0000
  [1m[36mActiveRecord::SchemaMigration Load (0.1ms)[0m  [1m[34mSELECT "schema_migrations"."version" FROM "schema_migrations" ORDER BY "schema_migrations"."version" ASC[0m
Processing by DiceController#roll as */*
Completed 200 OK in 7ms (Views: 0.1ms | ActiveRecord: 0.0ms | Allocations: 2435)


Started GET "/rolldice" for 127.0.0.1 at 2024-02-06 08:30:17 +0000
Processing by DiceController#roll as */*
Completed 200 OK in 0ms (Views: 0.1ms | ActiveRecord: 0.0ms | Allocations: 62)


Started GET "/rolldice" for 127.0.0.1 at 2024-02-06 08:30:18 +0000
Processing by DiceController#roll as */*
Completed 200 OK in 0ms (Views: 0.1ms | ActiveRecord: 0.0ms | Allocations: 61)


Started GET "/rolldice" for 127.0.0.1 at 2024-02-06 08:30:18 +0000
Processing by DiceController#roll as */*
Completed 200 OK in 0ms (Views: 0.1ms | ActiveRecord: 0.0ms | Allocations: 61)


Started GET "/rolldice" for 127.0.0.1 at 2024-02-06 08:30:19 +0000
Processing by DiceController#roll as */*
Completed 200 OK in 0ms (Views: 0.1ms | ActiveRecord: 0.0ms | Allocations: 61)


Started GET "/rolldice" for 127.0.0.1 at 2024-02-06 08:30:19 +0000
Processing by DiceController#roll as */*
Completed 200 OK in 0ms (Views: 0.1ms | ActiveRecord: 0.0ms | Allocations: 59)


Started GET "/rolldice" for 127.0.0.1 at 2024-02-06 08:30:20 +0000
Processing by DiceController#roll as */*
Completed 200 OK in 0ms (Views: 0.1ms | ActiveRecord: 0.0ms | Allocations: 59)


Started GET "/rolldice" for 127.0.0.1 at 2024-02-06 08:30:20 +0000
Processing by DiceController#roll as */*
Completed 200 OK in 1ms (Views: 0.1ms | ActiveRecord: 0.0ms | Allocations: 59)


Started GET "/rolldice" for 127.0.0.1 at 2024-02-06 08:30:21 +0000
Processing by DiceController#roll as */*
Completed 200 OK in 0ms (Views: 0.1ms | ActiveRecord: 0.0ms | Allocations: 60)


Started GET "/rolldice" for 127.0.0.1 at 2024-02-06 08:37:30 +0000
  [1m[36mActiveRecord::SchemaMigration Load (0.1ms)[0m  [1m[34mSELECT "schema_migrations"."version" FROM "schema_migrations" ORDER BY "schema_migrations"."version" ASC[0m
Processing by DiceController#roll as */*
Completed 200 OK in 7ms (Views: 0.1ms | ActiveRecord: 0.0ms | Allocations: 2435)


Started GET "/rolldice" for 127.0.0.1 at 2024-02-06 08:37:31 +0000
Processing by DiceController#roll as */*
Completed 200 OK in 0ms (Views: 0.1ms | ActiveRecord: 0.0ms | Allocations: 62)


Started GET "/rolldice" for 127.0.0.1 at 2024-02-06 08:37:32 +0000
Processing by DiceController#roll as */*
Completed 200 OK in 0ms (Views: 0.1ms | ActiveRecord: 0.0ms | Allocations: 61)


Started GET "/rolldice" for 127.0.0.1 at 2024-02-06 08:37:33 +0000
Processing by DiceController#roll as */*
Completed 200 OK in 0ms (Views: 0.1ms | ActiveRecord: 0.0ms | Allocations: 61)


Started GET "/rolldice" for 127.0.0.1 at 2024-02-06 08:37:33 +0000
Processing by DiceController#roll as */*
Completed 200 OK in 0ms (Views: 0.1ms | ActiveRecord: 0.0ms | Allocations: 61)


Started GET "/rolldice" for 127.0.0.1 at 2024-02-06 08:37:34 +0000
Processing by DiceController#roll as */*
Completed 200 OK in 0ms (Views: 0.1ms | ActiveRecord: 0.0ms | Allocations: 59)


Started GET "/rolldice" for 127.0.0.1 at 2024-02-06 08:37:35 +0000
Processing by DiceController#roll as */*
Completed 200 OK in 0ms (Views: 0.1ms | ActiveRecord: 0.0ms | Allocations: 59)


Started GET "/rolldice" for 127.0.0.1 at 2024-02-06 08:37:35 +0000
Processing by DiceController#roll as */*
Completed 200 OK in 1ms (Views: 1.1ms | ActiveRecord: 0.0ms | Allocations: 59)


Started GET "/rolldice" for 127.0.0.1 at 2024-02-06 08:37:36 +0000
Processing by DiceController#roll as */*
Completed 200 OK in 0ms (Views: 0.1ms | ActiveRecord: 0.0ms | Allocations: 60)


Started GET "/rolldice" for 127.0.0.1 at 2024-02-06 08:37:36 +0000
Processing by DiceController#roll as */*
Completed 200 OK in 0ms (Views: 0.1ms | ActiveRecord: 0.0ms | Allocations: 59)


